
SQL*Loader: Release 11.2.0.2.0 - Production on Pt Maj 5 20:11:44 2017

Copyright (c) 1982, 2009, Oracle and/or its affiliates.  All rights reserved.

Control File:   tematyka.ctl
Data File:      tematyka.csv
  Bad File:     tematyka.bad
  Discard File: tematyka.dsc 
 (Allow all discards)

Number to load: ALL
Number to skip: 0
Errors allowed: 50
Bind array:     64 rows, maximum of 256000 bytes
Continuation:    none specified
Path used:      Conventional

Table TEMATYKA, loaded from every logical record.
Insert option in effect for this table: REPLACE
TRAILING NULLCOLS option in effect

   Column Name                  Position   Len  Term Encl Datatype
------------------------------ ---------- ----- ---- ---- ---------------------
ID_TEMATYKI                         FIRST     *   ,       CHARACTER            
NAZWA                                NEXT     *   ,       CHARACTER            
OPIS                                 NEXT     *   ,       CHARACTER            


Table TEMATYKA:
  11 Rows successfully loaded.
  0 Rows not loaded due to data errors.
  0 Rows not loaded because all WHEN clauses were failed.
  0 Rows not loaded because all fields were null.


Space allocated for bind array:                  49536 bytes(64 rows)
Read   buffer bytes: 1048576

Total logical records skipped:          0
Total logical records read:            11
Total logical records rejected:         0
Total logical records discarded:        0

Run began on Pt Maj 05 20:11:44 2017
Run ended on Pt Maj 05 20:11:45 2017

Elapsed time was:     00:00:00.05
CPU time was:         00:00:00.01
