
SQL*Loader: Release 11.2.0.2.0 - Production on Pn Kwi 3 20:00:16 2017

Copyright (c) 1982, 2009, Oracle and/or its affiliates.  All rights reserved.

Control File:   dodatek.ctl
Data File:      dodatek.csv
  Bad File:     dodatek.bad
  Discard File: dodatek.dsc 
 (Allow all discards)

Number to load: ALL
Number to skip: 0
Errors allowed: 50
Bind array:     64 rows, maximum of 256000 bytes
Continuation:    none specified
Path used:      Conventional

Table DODATEK, loaded from every logical record.
Insert option in effect for this table: REPLACE
TRAILING NULLCOLS option in effect

   Column Name                  Position   Len  Term Encl Datatype
------------------------------ ---------- ----- ---- ---- ---------------------
ID_DODATKU                          FIRST     *   ,       CHARACTER            
NAZWA                                NEXT     *   ,       CHARACTER            
NAKLAD                               NEXT     *   ,       CHARACTER            


Table DODATEK:
  2 Rows successfully loaded.
  0 Rows not loaded due to data errors.
  0 Rows not loaded because all WHEN clauses were failed.
  0 Rows not loaded because all fields were null.


Space allocated for bind array:                  49536 bytes(64 rows)
Read   buffer bytes: 1048576

Total logical records skipped:          0
Total logical records read:             2
Total logical records rejected:         0
Total logical records discarded:        0

Run began on Pn Kwi 03 20:00:16 2017
Run ended on Pn Kwi 03 20:00:16 2017

Elapsed time was:     00:00:00.08
CPU time was:         00:00:00.01
