
SQL*Loader: Release 11.2.0.2.0 - Production on So Kwi 1 14:24:56 2017

Copyright (c) 1982, 2009, Oracle and/or its affiliates.  All rights reserved.

Control File:   kierownik.ctl
Data File:      kierownik.csv
  Bad File:     kierownik.bad
  Discard File: kierownik.dsc 
 (Allow all discards)

Number to load: ALL
Number to skip: 0
Errors allowed: 50
Bind array:     64 rows, maximum of 256000 bytes
Continuation:    none specified
Path used:      Conventional

Table KIEROWNIK, loaded from every logical record.
Insert option in effect for this table: REPLACE
TRAILING NULLCOLS option in effect

   Column Name                  Position   Len  Term Encl Datatype
------------------------------ ---------- ----- ---- ---- ---------------------
ID_KIEROWNIKA                       FIRST     *   ,       CHARACTER            
ID_OSOBY                             NEXT     *   ,       CHARACTER            
DATA_ZATRUDNIENIA                    NEXT     *   ,       DATE YYYY-MM-DD      
DATA_ZWOLNIENIA                      NEXT     *   ,       DATE YYYY-MM-DD      
PENSJA                               NEXT     *   ,       CHARACTER            


Table KIEROWNIK:
  2 Rows successfully loaded.
  0 Rows not loaded due to data errors.
  0 Rows not loaded because all WHEN clauses were failed.
  0 Rows not loaded because all fields were null.


Space allocated for bind array:                  82560 bytes(64 rows)
Read   buffer bytes: 1048576

Total logical records skipped:          0
Total logical records read:             2
Total logical records rejected:         0
Total logical records discarded:        0

Run began on So Kwi 01 14:24:56 2017
Run ended on So Kwi 01 14:24:56 2017

Elapsed time was:     00:00:00.06
CPU time was:         00:00:00.03
