
SQL*Loader: Release 11.2.0.2.0 - Production on So Kwi 1 19:22:57 2017

Copyright (c) 1982, 2009, Oracle and/or its affiliates.  All rights reserved.

Control File:   osoby.ctl
Data File:      osoby.csv
  Bad File:     osoby.bad
  Discard File: osoby.dsc 
 (Allow all discards)

Number to load: ALL
Number to skip: 0
Errors allowed: 50
Bind array:     64 rows, maximum of 256000 bytes
Continuation:    none specified
Path used:      Conventional

Table OSOBY, loaded from every logical record.
Insert option in effect for this table: REPLACE
TRAILING NULLCOLS option in effect

   Column Name                  Position   Len  Term Encl Datatype
------------------------------ ---------- ----- ---- ---- ---------------------
ID_OSOBY                            FIRST     *   ,       CHARACTER            
IMIE                                 NEXT     *   ,       CHARACTER            
NAZWISKO                             NEXT     *   ,       CHARACTER            
DATA_UR                              NEXT     *   ,       DATE YYYY-MM-DD      
PESEL                                NEXT     *   ,       CHARACTER            
ADRES                                NEXT     *   ,       CHARACTER            
TELEFON                              NEXT     *   ,       CHARACTER            

Record 1001: Discarded - all columns null.
Record 1002: Discarded - all columns null.

Table OSOBY:
  1000 Rows successfully loaded.
  0 Rows not loaded due to data errors.
  0 Rows not loaded because all WHEN clauses were failed.
  2 Rows not loaded because all fields were null.


Space allocated for bind array:                 115584 bytes(64 rows)
Read   buffer bytes: 1048576

Total logical records skipped:          0
Total logical records read:          1002
Total logical records rejected:         0
Total logical records discarded:        2

Run began on So Kwi 01 19:22:57 2017
Run ended on So Kwi 01 19:22:57 2017

Elapsed time was:     00:00:00.16
CPU time was:         00:00:00.02
