
SQL*Loader: Release 11.2.0.2.0 - Production on Pt Kwi 21 21:22:30 2017

Copyright (c) 1982, 2009, Oracle and/or its affiliates.  All rights reserved.

Control File:   pismo.ctl
Data File:      pismo.csv
  Bad File:     pismo.bad
  Discard File: pismo.dsc 
 (Allow all discards)

Number to load: ALL
Number to skip: 0
Errors allowed: 50
Bind array:     64 rows, maximum of 256000 bytes
Continuation:    none specified
Path used:      Conventional

Table PISMO, loaded from every logical record.
Insert option in effect for this table: REPLACE
TRAILING NULLCOLS option in effect

   Column Name                  Position   Len  Term Encl Datatype
------------------------------ ---------- ----- ---- ---- ---------------------
ID_PISMA                            FIRST     *   ,       CHARACTER            
ID_TEMATYKI                          NEXT     *   ,       CHARACTER            
OKRES_WYDAWANIA                      NEXT     *   ,       CHARACTER            
NAZWA                                NEXT     *   ,       CHARACTER            
NAKLAD                               NEXT     *   ,       CHARACTER            
CENA                                 NEXT     *   ,       CHARACTER            


Table PISMO:
  21 Rows successfully loaded.
  0 Rows not loaded due to data errors.
  0 Rows not loaded because all WHEN clauses were failed.
  0 Rows not loaded because all fields were null.


Space allocated for bind array:                  99072 bytes(64 rows)
Read   buffer bytes: 1048576

Total logical records skipped:          0
Total logical records read:            21
Total logical records rejected:         0
Total logical records discarded:        0

Run began on Pt Kwi 21 21:22:30 2017
Run ended on Pt Kwi 21 21:22:30 2017

Elapsed time was:     00:00:00.04
CPU time was:         00:00:00.01
