
SQL*Loader: Release 11.2.0.2.0 - Production on N Kwi 2 17:52:51 2017

Copyright (c) 1982, 2009, Oracle and/or its affiliates.  All rights reserved.

Control File:   salon.ctl
Data File:      salon.csv
  Bad File:     salon.bad
  Discard File: salon.dsc 
 (Allow all discards)

Number to load: ALL
Number to skip: 0
Errors allowed: 50
Bind array:     64 rows, maximum of 256000 bytes
Continuation:    none specified
Path used:      Conventional

Table SALON, loaded from every logical record.
Insert option in effect for this table: REPLACE
TRAILING NULLCOLS option in effect

   Column Name                  Position   Len  Term Encl Datatype
------------------------------ ---------- ----- ---- ---- ---------------------
ID_SALONU                           FIRST     *   ,       CHARACTER            
ID_MIASTA                            NEXT     *   ,       CHARACTER            
NAZWA                                NEXT     *   ,       CHARACTER            
ADRES                                NEXT     *   ,       CHARACTER            
POWIERZCHNIA                         NEXT     *   ,       CHARACTER            
OBROT_MIESIECZNY                     NEXT     *   ,       CHARACTER            


Table SALON:
  100 Rows successfully loaded.
  0 Rows not loaded due to data errors.
  0 Rows not loaded because all WHEN clauses were failed.
  0 Rows not loaded because all fields were null.


Space allocated for bind array:                  99072 bytes(64 rows)
Read   buffer bytes: 1048576

Total logical records skipped:          0
Total logical records read:           100
Total logical records rejected:         0
Total logical records discarded:        0

Run began on N  Kwi 02 17:52:51 2017
Run ended on N  Kwi 02 17:52:51 2017

Elapsed time was:     00:00:00.06
CPU time was:         00:00:00.01
