
SQL*Loader: Release 11.2.0.2.0 - Production on Pt Kwi 21 21:22:31 2017

Copyright (c) 1982, 2009, Oracle and/or its affiliates.  All rights reserved.

Control File:   sprzedaz.ctl
Data File:      sprzedaz.csv
  Bad File:     sprzedaz.bad
  Discard File: sprzedaz.dsc 
 (Allow all discards)

Number to load: ALL
Number to skip: 0
Errors allowed: 50
Bind array:     64 rows, maximum of 256000 bytes
Continuation:    none specified
Path used:      Conventional

Table SPRZEDAZ, loaded from every logical record.
Insert option in effect for this table: REPLACE
TRAILING NULLCOLS option in effect

   Column Name                  Position   Len  Term Encl Datatype
------------------------------ ---------- ----- ---- ---- ---------------------
ID_SPRZEDAZY                        FIRST     *   ,       CHARACTER            
ID_PISMA                             NEXT     *   ,       CHARACTER            
ID_SALONU                            NEXT     *   ,       CHARACTER            
ID_DNIA                              NEXT     *   ,       CHARACTER            
ID_SPRZEDAWCY                        NEXT     *   ,       CHARACTER            
ID_PARAGONU                          NEXT     *   ,       CHARACTER            
SUMA_ZYSKU                           NEXT     *   ,       CHARACTER            


Table SPRZEDAZ:
  10080 Rows successfully loaded.
  0 Rows not loaded due to data errors.
  0 Rows not loaded because all WHEN clauses were failed.
  0 Rows not loaded because all fields were null.


Space allocated for bind array:                 115584 bytes(64 rows)
Read   buffer bytes: 1048576

Total logical records skipped:          0
Total logical records read:         10080
Total logical records rejected:         0
Total logical records discarded:        0

Run began on Pt Kwi 21 21:22:31 2017
Run ended on Pt Kwi 21 21:22:31 2017

Elapsed time was:     00:00:00.25
CPU time was:         00:00:00.05
