
SQL*Loader: Release 11.2.0.2.0 - Production on N Kwi 2 17:52:50 2017

Copyright (c) 1982, 2009, Oracle and/or its affiliates.  All rights reserved.

Control File:   sprzedawca.ctl
Data File:      sprzedawca.csv
  Bad File:     sprzedawca.bad
  Discard File: sprzedawca.dsc 
 (Allow all discards)

Number to load: ALL
Number to skip: 0
Errors allowed: 50
Bind array:     64 rows, maximum of 256000 bytes
Continuation:    none specified
Path used:      Conventional

Table SPRZEDAWCA, loaded from every logical record.
Insert option in effect for this table: REPLACE
TRAILING NULLCOLS option in effect

   Column Name                  Position   Len  Term Encl Datatype
------------------------------ ---------- ----- ---- ---- ---------------------
ID_SPRZEDAWCY                       FIRST     *   ,       CHARACTER            
ID_OSOBY                             NEXT     *   ,       CHARACTER            
ID_KIEROWNIKA                        NEXT     *   ,       CHARACTER            
DATA_ZATRUDNIENIA                    NEXT     *   ,       DATE YYYY-MM-DD      
DATA_ZWOLNIENIA                      NEXT     *   ,       DATE YYYY-MM-DD      
PENSJA                               NEXT     *   ,       CHARACTER            
OCENA                                NEXT     *   ,       CHARACTER            


Table SPRZEDAWCA:
  75 Rows successfully loaded.
  0 Rows not loaded due to data errors.
  0 Rows not loaded because all WHEN clauses were failed.
  0 Rows not loaded because all fields were null.


Space allocated for bind array:                 115584 bytes(64 rows)
Read   buffer bytes: 1048576

Total logical records skipped:          0
Total logical records read:            75
Total logical records rejected:         0
Total logical records discarded:        0

Run began on N  Kwi 02 17:52:50 2017
Run ended on N  Kwi 02 17:52:50 2017

Elapsed time was:     00:00:00.11
CPU time was:         00:00:00.03
